<?xml version="1.0" encoding="UTF-8"?>
<!-- Generated by org.testng.reporters.JUnitXMLReporter -->
<testsuite ignored="1" hostname="Isaac" failures="0" tests="3" name="Default test" time="114.181" errors="0" timestamp="2025-05-12T22:11:43 CDT">
  <testcase classname="Tests.EndToEndTests" name="submitOrder" time="5.133"/>
  <testcase classname="Tests.EndToEndTests" name="submitOrder" time="5.108"/>
  <testcase classname="Tests.EndToEndTests" name="submitOrder" time="4.692"/>
  <testcase classname="Tests.EndToEndTests" name="validateOrderHistory" time="0.0">
    <ignored/>
  </testcase> <!-- validateOrderHistory -->
</testsuite> <!-- Default test -->
