<?xml version="1.0" encoding="UTF-8"?>
<!-- Generated by org.testng.reporters.JUnitXMLReporter -->
<testsuite ignored="0" hostname="Isaac" failures="0" tests="3" name="E2ETests" time="31.095" errors="0" timestamp="2025-05-13T15:40:46 CDT">
  <testcase classname="Tests.EndToEndTests" name="submitOrder" time="5.109"/>
  <testcase classname="Tests.EndToEndTests" name="submitOrder" time="5.155"/>
  <testcase classname="Tests.EndToEndTests" name="submitOrder" time="5.137"/>
</testsuite> <!-- E2ETests -->
